------------------------------------------------------------------------------
NSHEADERS -- Wed Jul 12 16:27:34 HST 2017
 
Set header values from gnirs$data/nifs.dat
                   for nifs.
 
NSHEADERS exit status: good.
------------------------------------------------------------------------------
NSHEADERS -- Tue Jul 18 09:46:20 HST 2017
 
Set header values from gnirs$data/nifs.dat
                   for nifs.
 
NSHEADERS exit status: good.
------------------------------------------------------------------------------
NSHEADERS -- Tue Jul 18 09:51:30 HST 2017
 
Set header values from gnirs$data/gnirs.dat
                   for gnirs.
 
NSHEADERS exit status: good.
------------------------------------------------------------------------------
NSHEADERS -- Tue Jul 18 09:52:18 HST 2017
 
Set header values from gnirs$data/gnirs.dat
                   for gnirs.
 
NSHEADERS exit status: good.
------------------------------------------------------------------------------
NSHEADERS -- Tue Jul 18 09:53:13 HST 2017
 
Set header values from gnirs$data/nifs.dat
                   for nifs.
 
NSHEADERS exit status: good.
